<?xml version="1.0" encoding="UTF-8"?>
<testng-results skipped="0" failed="0" ignored="0" total="1" passed="1">
  <reporter-output>
  </reporter-output>
  <suite name="jenkinstraining.UITest" duration-ms="34453" started-at="2021-09-02T11:53:22 IST" finished-at="2021-09-02T11:53:57 IST">
    <groups>
    </groups>
    <test name="Command line test" duration-ms="34453" started-at="2021-09-02T11:53:22 IST" finished-at="2021-09-02T11:53:57 IST">
      <class name="jenkinstraining.UITest">
        <test-method status="PASS" signature="firstTest()[pri:0, instance:jenkinstraining.UITest@5ae63ade]" name="firstTest" duration-ms="34307" started-at="2021-09-02T11:53:23 IST" finished-at="2021-09-02T11:53:57 IST">
          <reporter-output>
          </reporter-output>
        </test-method> <!-- firstTest -->
      </class> <!-- jenkinstraining.UITest -->
    </test> <!-- Command line test -->
  </suite> <!-- jenkinstraining.UITest -->
</testng-results>
