<?xml version="1.0" encoding="UTF-8"?>
<testng-results skipped="0" failed="0" ignored="0" total="1" passed="1">
  <reporter-output>
  </reporter-output>
  <suite name="Suite1" duration-ms="30429" started-at="2021-09-01T16:48:24 IST" finished-at="2021-09-01T16:48:54 IST">
    <groups>
    </groups>
    <test name="firsttest" duration-ms="30429" started-at="2021-09-01T16:48:24 IST" finished-at="2021-09-01T16:48:54 IST">
      <class name="jenkinstraining.UITest">
        <test-method status="PASS" signature="firstTest()[pri:0, instance:jenkinstraining.UITest@a38d7a3]" name="firstTest" duration-ms="30202" started-at="2021-09-01T16:48:24 IST" finished-at="2021-09-01T16:48:54 IST">
          <reporter-output>
          </reporter-output>
        </test-method> <!-- firstTest -->
      </class> <!-- jenkinstraining.UITest -->
    </test> <!-- firsttest -->
  </suite> <!-- Suite1 -->
</testng-results>
